2025-08-29 23:09:42,751 - matplotlib - DEBUG - matplotlib data path: C:\Users\USER\AppData\Local\Packages\PythonSoftwareFoundation.Python.3.11_qbz5n2kfra8p0\LocalCache\local-packages\Python311\site-packages\matplotlib\mpl-data
2025-08-29 23:09:42,781 - matplotlib - DEBUG - CONFIGDIR=C:\Users\USER\.matplotlib
2025-08-29 23:09:42,785 - matplotlib - DEBUG - interactive is False
2025-08-29 23:09:42,785 - matplotlib - DEBUG - platform is win32
2025-08-29 23:09:42,818 - root - INFO - Matplotlib backend configurado correctamente
2025-08-29 23:09:42,881 - root - INFO - CustomTkinter importado correctamente
2025-08-29 23:09:43,569 - matplotlib - DEBUG - CACHEDIR=C:\Users\USER\.matplotlib
2025-08-29 23:09:43,572 - matplotlib.font_manager - DEBUG - Using fontManager instance from C:\Users\USER\.matplotlib\fontlist-v390.json
2025-08-29 23:09:43,995 - root - INFO - Módulo gui.app importado correctamente
2025-08-29 23:09:43,997 - root - INFO - Configuración de CustomTkinter establecida
2025-08-29 23:09:44,122 - root - INFO - Ventana principal creada
2025-08-29 23:09:45,210 - gui.simulation_panel - INFO - UI del panel de simulación configurada correctamente
2025-08-29 23:09:45,432 - root - INFO - GenealogyApp inicializada correctamente
2025-08-29 23:09:45,433 - root - INFO - Iniciando bucle principal de la aplicación...
2025-08-29 23:17:20,549 - matplotlib - DEBUG - matplotlib data path: C:\Users\USER\AppData\Local\Packages\PythonSoftwareFoundation.Python.3.11_qbz5n2kfra8p0\LocalCache\local-packages\Python311\site-packages\matplotlib\mpl-data
2025-08-29 23:17:20,565 - matplotlib - DEBUG - CONFIGDIR=C:\Users\USER\.matplotlib
2025-08-29 23:17:20,566 - matplotlib - DEBUG - interactive is False
2025-08-29 23:17:20,567 - matplotlib - DEBUG - platform is win32
2025-08-29 23:17:20,581 - root - INFO - Matplotlib backend configurado correctamente
2025-08-29 23:17:20,664 - root - INFO - CustomTkinter importado correctamente
2025-08-29 23:17:20,908 - matplotlib - DEBUG - CACHEDIR=C:\Users\USER\.matplotlib
2025-08-29 23:17:20,910 - matplotlib.font_manager - DEBUG - Using fontManager instance from C:\Users\USER\.matplotlib\fontlist-v390.json
2025-08-29 23:17:21,132 - root - INFO - Módulo gui.app importado correctamente
2025-08-29 23:17:21,133 - root - INFO - Configuración de CustomTkinter establecida
2025-08-29 23:17:21,235 - root - INFO - Ventana principal creada
2025-08-29 23:17:22,327 - gui.simulation_panel - INFO - UI del panel de simulación configurada correctamente
2025-08-29 23:17:22,582 - root - INFO - GenealogyApp inicializada correctamente
2025-08-29 23:17:22,582 - root - INFO - Iniciando bucle principal de la aplicación...
2025-08-29 23:21:30,503 - matplotlib - DEBUG - matplotlib data path: C:\Users\USER\AppData\Local\Packages\PythonSoftwareFoundation.Python.3.11_qbz5n2kfra8p0\LocalCache\local-packages\Python311\site-packages\matplotlib\mpl-data
2025-08-29 23:21:30,519 - matplotlib - DEBUG - CONFIGDIR=C:\Users\USER\.matplotlib
2025-08-29 23:21:30,522 - matplotlib - DEBUG - interactive is False
2025-08-29 23:21:30,522 - matplotlib - DEBUG - platform is win32
2025-08-29 23:21:30,557 - root - INFO - Matplotlib backend configurado correctamente
2025-08-29 23:21:30,697 - root - INFO - CustomTkinter importado correctamente
2025-08-29 23:21:30,987 - matplotlib - DEBUG - CACHEDIR=C:\Users\USER\.matplotlib
2025-08-29 23:21:30,989 - matplotlib.font_manager - DEBUG - Using fontManager instance from C:\Users\USER\.matplotlib\fontlist-v390.json
2025-08-29 23:21:31,225 - root - INFO - Módulo gui.app importado correctamente
2025-08-29 23:21:31,227 - root - INFO - Configuración de CustomTkinter establecida
2025-08-29 23:21:31,377 - root - INFO - Ventana principal creada
2025-08-29 23:21:32,462 - gui.simulation_panel - INFO - UI del panel de simulación configurada correctamente
2025-08-29 23:21:32,844 - root - INFO - GenealogyApp inicializada correctamente
2025-08-29 23:21:32,845 - root - INFO - Iniciando bucle principal de la aplicación...
2025-08-29 23:23:51,195 - matplotlib - DEBUG - matplotlib data path: C:\Users\USER\AppData\Local\Packages\PythonSoftwareFoundation.Python.3.11_qbz5n2kfra8p0\LocalCache\local-packages\Python311\site-packages\matplotlib\mpl-data
2025-08-29 23:23:51,219 - matplotlib - DEBUG - CONFIGDIR=C:\Users\USER\.matplotlib
2025-08-29 23:23:51,222 - matplotlib - DEBUG - interactive is False
2025-08-29 23:23:51,222 - matplotlib - DEBUG - platform is win32
2025-08-29 23:23:51,246 - root - INFO - Matplotlib backend configurado correctamente
2025-08-29 23:23:51,307 - root - INFO - CustomTkinter importado correctamente
2025-08-29 23:23:51,696 - matplotlib - DEBUG - CACHEDIR=C:\Users\USER\.matplotlib
2025-08-29 23:23:51,699 - matplotlib.font_manager - DEBUG - Using fontManager instance from C:\Users\USER\.matplotlib\fontlist-v390.json
2025-08-29 23:23:52,087 - root - INFO - Módulo gui.app importado correctamente
2025-08-29 23:23:52,088 - root - INFO - Configuración de CustomTkinter establecida
2025-08-29 23:23:52,212 - root - INFO - Ventana principal creada
2025-08-29 23:23:53,217 - gui.simulation_panel - INFO - UI del panel de simulación configurada correctamente
2025-08-29 23:23:53,571 - root - INFO - GenealogyApp inicializada correctamente
2025-08-29 23:23:53,571 - root - INFO - Iniciando bucle principal de la aplicación...
